SLCRAFT/app/build/intermediates/manifest_merge_blame_file/debug/manifest-merger-blame-debug-report.txt
1<?xml version="1.0" encoding="utf-8"?>
2<manifest xmlns:android="http://schemas.android.com/apk/res/android"
3    package="com.example.slcraft"
4    android:versionCode="1"
5    android:versionName="1.0" >
6
7    <uses-sdk
8        android:minSdkVersion="24"
8-->src\main\AndroidManifest.xml
9        android:targetSdkVersion="33" />
9-->src\main\AndroidManifest.xml
10
11    <uses-permission android:name="android.permission.INTERNET" />
11-->[com.google.android.gms:play-services-measurement-api:21.2.0] AndroidManifest.xml:22:5-67
11-->[com.google.android.gms:play-services-measurement-api:21.2.0] AndroidManifest.xml:22:22-64
12    <uses-permission android:name="android.permission.ACCESS_NETWORK_STATE" />
12-->[com.google.android.gms:play-services-measurement-api:21.2.0] AndroidManifest.xml:23:5-79
12-->[com.google.android.gms:play-services-measurement-api:21.2.0] AndroidManifest.xml:23:22-76
13    <uses-permission android:name="android.permission.WAKE_LOCK" />
13-->[com.google.android.gms:play-services-measurement-api:21.2.0] AndroidManifest.xml:24:5-68
13-->[com.google.android.gms:play-services-measurement-api:21.2.0] AndroidManifest.xml:24:22-65
14    <uses-permission android:name="com.google.android.gms.permission.AD_ID" />
14-->[com.google.android.gms:play-services-measurement-api:21.2.0] AndroidManifest.xml:25:5-79
14-->[com.google.android.gms:play-services-measurement-api:21.2.0] AndroidManifest.xml:25:22-76
15    <uses-permission android:name="com.google.android.finsky.permission.BIND_GET_INSTALL_REFERRER_SERVICE" />
15-->[com.google.android.gms:play-services-measurement:21.2.0] AndroidManifest.xml:26:5-110
15-->[com.google.android.gms:play-services-measurement:21.2.0] AndroidManifest.xml:26:22-107
16
17    <permission
17-->[androidx.core:core:1.9.0] AndroidManifest.xml:22:5-24:47
18        android:name="com.example.slcraft.DYNAMIC_RECEIVER_NOT_EXPORTED_PERMISSION"
18-->[androidx.core:core:1.9.0] AndroidManifest.xml:23:9-81
19        android:protectionLevel="signature" />
19-->[androidx.core:core:1.9.0] AndroidManifest.xml:24:9-44
20
21    <uses-permission android:name="com.example.slcraft.DYNAMIC_RECEIVER_NOT_EXPORTED_PERMISSION" />
21-->[androidx.core:core:1.9.0] AndroidManifest.xml:26:5-97
21-->[androidx.core:core:1.9.0] AndroidManifest.xml:26:22-94
22
23    <application
23-->src\main\AndroidManifest.xml:5:5-29:19
24        android:allowBackup="true"
24-->src\main\AndroidManifest.xml:6:9-35
25        android:appComponentFactory="androidx.core.app.CoreComponentFactory"
25-->[androidx.core:core:1.9.0] AndroidManifest.xml:28:18-86
26        android:dataExtractionRules="@xml/data_extraction_rules"
26-->src\main\AndroidManifest.xml:7:9-65
27        android:debuggable="true"
28        android:extractNativeLibs="false"
29        android:fullBackupContent="@xml/backup_rules"
29-->src\main\AndroidManifest.xml:8:9-54
30        android:icon="@mipmap/ic_launcher"
30-->src\main\AndroidManifest.xml:9:9-43
31        android:label="@string/app_name"
31-->src\main\AndroidManifest.xml:10:9-41
32        android:supportsRtl="true"
32-->src\main\AndroidManifest.xml:11:9-35
33        android:testOnly="true"
34        android:theme="@style/Theme.SLCRAFT" >
34-->src\main\AndroidManifest.xml:12:9-45
35        <activity
35-->src\main\AndroidManifest.xml:14:9-16:40
36            android:name="com.example.slcraft.AddToCart"
36-->src\main\AndroidManifest.xml:15:13-38
37            android:exported="false" />
37-->src\main\AndroidManifest.xml:16:13-37
38        <activity
38-->src\main\AndroidManifest.xml:17:9-19:40
39            android:name="com.example.slcraft.UpdateCart"
39-->src\main\AndroidManifest.xml:18:13-39
40            android:exported="false" />
40-->src\main\AndroidManifest.xml:19:13-37
41        <activity
41-->src\main\AndroidManifest.xml:20:9-28:20
42            android:name="com.example.slcraft.SelectToCart"
42-->src\main\AndroidManifest.xml:21:13-41
43            android:exported="true" >
43-->src\main\AndroidManifest.xml:22:13-36
44            <intent-filter>
44-->src\main\AndroidManifest.xml:23:13-27:29
45                <action android:name="android.intent.action.MAIN" />
45-->src\main\AndroidManifest.xml:24:17-69
45-->src\main\AndroidManifest.xml:24:25-66
46
47                <category android:name="android.intent.category.LAUNCHER" />
47-->src\main\AndroidManifest.xml:26:17-77
47-->src\main\AndroidManifest.xml:26:27-74
48            </intent-filter>
49        </activity>
50
51        <service
51-->[com.google.firebase:firebase-analytics-ktx:21.2.0] AndroidManifest.xml:8:9-14:19
52            android:name="com.google.firebase.components.ComponentDiscoveryService"
52-->[com.google.firebase:firebase-analytics-ktx:21.2.0] AndroidManifest.xml:9:13-84
53            android:directBootAware="true"
53-->[com.google.firebase:firebase-common:20.2.0] AndroidManifest.xml:34:13-43
54            android:exported="false" >
54-->[com.google.firebase:firebase-analytics-ktx:21.2.0] AndroidManifest.xml:10:13-37
55            <meta-data
55-->[com.google.firebase:firebase-analytics-ktx:21.2.0] AndroidManifest.xml:11:13-13:85
56                android:name="com.google.firebase.components:com.google.firebase.analytics.ktx.FirebaseAnalyticsKtxRegistrar"
56-->[com.google.firebase:firebase-analytics-ktx:21.2.0] AndroidManifest.xml:12:17-126
57                android:value="com.google.firebase.components.ComponentRegistrar" />
57-->[com.google.firebase:firebase-analytics-ktx:21.2.0] AndroidManifest.xml:13:17-82
58            <meta-data
58-->[com.google.firebase:firebase-common-ktx:20.2.0] AndroidManifest.xml:14:13-16:85
59                android:name="com.google.firebase.components:com.google.firebase.ktx.FirebaseCommonKtxRegistrar"
59-->[com.google.firebase:firebase-common-ktx:20.2.0] AndroidManifest.xml:15:17-113
60                android:value="com.google.firebase.components.ComponentRegistrar" />
60-->[com.google.firebase:firebase-common-ktx:20.2.0] AndroidManifest.xml:16:17-82
61            <meta-data
61-->[com.google.android.gms:play-services-measurement-api:21.2.0] AndroidManifest.xml:31:13-33:85
62                android:name="com.google.firebase.components:com.google.firebase.analytics.connector.internal.AnalyticsConnectorRegistrar"
62-->[com.google.android.gms:play-services-measurement-api:21.2.0] AndroidManifest.xml:32:17-139
63                android:value="com.google.firebase.components.ComponentRegistrar" />
63-->[com.google.android.gms:play-services-measurement-api:21.2.0] AndroidManifest.xml:33:17-82
64            <meta-data
64-->[com.google.firebase:firebase-installations:17.0.1] AndroidManifest.xml:18:13-20:85
65                android:name="com.google.firebase.components:com.google.firebase.installations.FirebaseInstallationsRegistrar"
65-->[com.google.firebase:firebase-installations:17.0.1] AndroidManifest.xml:19:17-127
66                android:value="com.google.firebase.components.ComponentRegistrar" />
66-->[com.google.firebase:firebase-installations:17.0.1] AndroidManifest.xml:20:17-82
67        </service>
68
69        <provider
69-->[com.google.firebase:firebase-common:20.2.0] AndroidManifest.xml:25:9-30:39
70            android:name="com.google.firebase.provider.FirebaseInitProvider"
70-->[com.google.firebase:firebase-common:20.2.0] AndroidManifest.xml:26:13-77
71            android:authorities="com.example.slcraft.firebaseinitprovider"
71-->[com.google.firebase:firebase-common:20.2.0] AndroidManifest.xml:27:13-72
72            android:directBootAware="true"
72-->[com.google.firebase:firebase-common:20.2.0] AndroidManifest.xml:28:13-43
73            android:exported="false"
73-->[com.google.firebase:firebase-common:20.2.0] AndroidManifest.xml:29:13-37
74            android:initOrder="100" />
74-->[com.google.firebase:firebase-common:20.2.0] AndroidManifest.xml:30:13-36
75
76        <receiver
76-->[com.google.android.gms:play-services-measurement:21.2.0] AndroidManifest.xml:29:9-33:20
77            android:name="com.google.android.gms.measurement.AppMeasurementReceiver"
77-->[com.google.android.gms:play-services-measurement:21.2.0] AndroidManifest.xml:30:13-85
78            android:enabled="true"
78-->[com.google.android.gms:play-services-measurement:21.2.0] AndroidManifest.xml:31:13-35
79            android:exported="false" >
79-->[com.google.android.gms:play-services-measurement:21.2.0] AndroidManifest.xml:32:13-37
80        </receiver>
81
82        <service
82-->[com.google.android.gms:play-services-measurement:21.2.0] AndroidManifest.xml:35:9-38:40
83            android:name="com.google.android.gms.measurement.AppMeasurementService"
83-->[com.google.android.gms:play-services-measurement:21.2.0] AndroidManifest.xml:36:13-84
84            android:enabled="true"
84-->[com.google.android.gms:play-services-measurement:21.2.0] AndroidManifest.xml:37:13-35
85            android:exported="false" />
85-->[com.google.android.gms:play-services-measurement:21.2.0] AndroidManifest.xml:38:13-37
86        <service
86-->[com.google.android.gms:play-services-measurement:21.2.0] AndroidManifest.xml:39:9-43:72
87            android:name="com.google.android.gms.measurement.AppMeasurementJobService"
87-->[com.google.android.gms:play-services-measurement:21.2.0] AndroidManifest.xml:40:13-87
88            android:enabled="true"
88-->[com.google.android.gms:play-services-measurement:21.2.0] AndroidManifest.xml:41:13-35
89            android:exported="false"
89-->[com.google.android.gms:play-services-measurement:21.2.0] AndroidManifest.xml:42:13-37
90            android:permission="android.permission.BIND_JOB_SERVICE" />
90-->[com.google.android.gms:play-services-measurement:21.2.0] AndroidManifest.xml:43:13-69
91
92        <meta-data
92-->[com.google.android.gms:play-services-basement:18.1.0] AndroidManifest.xml:21:9-23:69
93            android:name="com.google.android.gms.version"
93-->[com.google.android.gms:play-services-basement:18.1.0] AndroidManifest.xml:22:13-58
94            android:value="@integer/google_play_services_version" />
94-->[com.google.android.gms:play-services-basement:18.1.0] AndroidManifest.xml:23:13-66
95
96        <provider
96-->[androidx.emoji2:emoji2:1.2.0] AndroidManifest.xml:24:9-32:20
97            android:name="androidx.startup.InitializationProvider"
97-->[androidx.emoji2:emoji2:1.2.0] AndroidManifest.xml:25:13-67
98            android:authorities="com.example.slcraft.androidx-startup"
98-->[androidx.emoji2:emoji2:1.2.0] AndroidManifest.xml:26:13-68
99            android:exported="false" >
99-->[androidx.emoji2:emoji2:1.2.0] AndroidManifest.xml:27:13-37
100            <meta-data
100-->[androidx.emoji2:emoji2:1.2.0] AndroidManifest.xml:29:13-31:52
101                android:name="androidx.emoji2.text.EmojiCompatInitializer"
101-->[androidx.emoji2:emoji2:1.2.0] AndroidManifest.xml:30:17-75
102                android:value="androidx.startup" />
102-->[androidx.emoji2:emoji2:1.2.0] AndroidManifest.xml:31:17-49
103            <meta-data
103-->[androidx.lifecycle:lifecycle-process:2.4.1] AndroidManifest.xml:31:13-33:52
104                android:name="androidx.lifecycle.ProcessLifecycleInitializer"
104-->[androidx.lifecycle:lifecycle-process:2.4.1] AndroidManifest.xml:32:17-78
105                android:value="androidx.startup" />
105-->[androidx.lifecycle:lifecycle-process:2.4.1] AndroidManifest.xml:33:17-49
106        </provider>
107    </application>
108
109</manifest>